<?xml version="1.0" encoding="UTF-8"?>
<!-- Generated by org.testng.reporters.JUnitXMLReporter -->
<testsuite ignored="3" hostname="LAPTOP-J2EHUA6C" failures="0" tests="6" name="Test" time="0.088" errors="0" timestamp="2023-09-08T21:08:03 EDT">
  <testcase classname="com.automation.TestNG.day7.Login" name="verifyValidLogin" time="0.01"/>
  <testcase classname="com.automation.TestNG.day7.Login" name="verifyInvalidLogin" time="0.001"/>
  <testcase classname="com.automation.TestNG.day7.Product" name="verifyValidProduct" time="0.001"/>
  <testcase classname="com.automation.TestNG.day7.Product" name="verifyInvalidProduct" time="0.001"/>
  <testcase classname="com.automation.TestNG.day7.Register" name="verifyValidRegister" time="0.002"/>
  <testcase classname="com.automation.TestNG.day7.Register" name="verifyInvalidRegister" time="0.001"/>
  <testcase classname="com.automation.TestNG.day7.Login" name="verifyNoLogin" time="0.0">
    <ignored/>
  </testcase> <!-- verifyNoLogin -->
  <testcase classname="com.automation.TestNG.day7.Register" name="verifyNoRegister" time="0.0">
    <ignored/>
  </testcase> <!-- verifyNoRegister -->
  <testcase classname="com.automation.TestNG.day7.Product" name="verifyNoProduct" time="0.0">
    <ignored/>
  </testcase> <!-- verifyNoProduct -->
</testsuite> <!-- Test -->
