<?xml version="1.0" encoding="UTF-8"?>
<!-- Generated by org.testng.reporters.JUnitXMLReporter -->
<testsuite ignored="0" hostname="LAPTOP-J2EHUA6C" failures="1" tests="4" name="Test" time="0.032" errors="0" timestamp="2023-09-08T20:08:16 EDT">
  <testcase classname="com.automation.TestNG.Suite3.Class1" name="testingClass1" time="0.001"/>
  <testcase classname="com.automation.TestNG.Suite3.Class2" name="testingClass2" time="0.001"/>
  <testcase classname="com.automation.TestNG.Suite3.Class3" name="testingClass3" time="0.001"/>
  <testcase classname="com.automation.TestNG.Suite3.Class4" name="logic" time="0.018">
    <failure type="java.lang.AssertionError" message="expected [true] but found [false]">
      <![CDATA[java.lang.AssertionError: expected [true] but found [false]
at com.automation.TestNG.Suite3.Class4.logic(Class4.java:14)
at java.base/java.util.ArrayList.forEach(ArrayList.java:1511)
... Removed 32 stack frames]]>
    </failure>
  </testcase> <!-- logic -->
</testsuite> <!-- Test -->
