<?xml version="1.0" encoding="UTF-8"?>
<!-- Generated by org.testng.reporters.JUnitXMLReporter -->
<testsuite ignored="0" hostname="LAPTOP-J2EHUA6C" failures="0" tests="3" name="Test" time="0.075" errors="0" timestamp="2023-09-08T20:08:16 EDT">
  <testcase classname="com.automation.TestNG.Suite1.Class1" name="testingClass1" time="0.011"/>
  <testcase classname="com.automation.TestNG.Suite1.Class2" name="testingClass2" time="0.002"/>
  <testcase classname="com.automation.TestNG.Suite1.Class3" name="testingClass3" time="0.001"/>
</testsuite> <!-- Test -->
